<?xml version="1.0" encoding="UTF-8"?>
<!-- Generated by org.testng.reporters.JUnitXMLReporter -->
<testsuite ignored="0" hostname="DESKTOP-5NEEPGF" failures="0" tests="9" name="Surefire test" time="0.115" errors="0" timestamp="02 Jun 2024 05:06:27 GMT">
  <testcase classname="JenkinsCheckMadi.Practice1" name="ATest" time="0.023"/>
  <testcase classname="JenkinsCheckMadi.Practice1" name="BTest" time="0.001"/>
  <testcase classname="JenkinsCheckMadi.Practice1" name="CTest" time="0.0"/>
  <testcase classname="JenkinsCheckMadi.Practice1" name="DTest" time="0.002"/>
  <testcase classname="JenkinsCheckMadi.Practice1" name="ETest" time="0.001"/>
  <testcase classname="JenkinsCheckMadi.Practice1" name="FTest" time="0.001"/>
  <testcase classname="JenkinsCheckMadi.Practice1" name="GTest" time="0.001"/>
  <testcase classname="JenkinsCheckMadi.Practice1" name="HTest" time="0.001"/>
  <testcase classname="JenkinsCheckMadi.Practice1" name="ITest" time="0.001"/>
</testsuite> <!-- Surefire test -->
