<?xml version="1.0" encoding="UTF-8"?>
<testsuite xmlns:xsi="http://www.w3.org/2001/XMLSchema-instance" xsi:noNamespaceSchemaLocation="https://maven.apache.org/surefire/maven-surefire-plugin/xsd/surefire-test-report-3.0.xsd" version="3.0" name="JenkinsCheckMadi.Practice1" time="0.684" tests="5" errors="0" skipped="0" failures="0">
  <properties>
[...]
</properties>
  <testcase name="ATest" classname="JenkinsCheckMadi.Practice1" time="0.021">
    <system-out><![CDATA[Practiec first Smoke Testing
]]></system-out>
  </testcase>
  <testcase name="BTest" classname="JenkinsCheckMadi.Practice1" time="0.001">
    <system-out><![CDATA[Practiec first regression Testing
]]></system-out>
  </testcase>
  <testcase name="CTest" classname="JenkinsCheckMadi.Practice1" time="0.002">
    <system-out><![CDATA[Changes Files  10:10
]]></system-out>
  </testcase>
  <testcase name="DTest" classname="JenkinsCheckMadi.Practice1" time="0.001">
    <system-out><![CDATA[Changes Files --> 10:24
]]></system-out>
  </testcase>
  <testcase name="ETest" classname="JenkinsCheckMadi.Practice1" time="0.002">
    <system-out><![CDATA[Changes Files -->  10:28
]]></system-out>
  </testcase>
</testsuite>