<?xml version="1.0" encoding="UTF-8"?>
<testng-results ignored="0" total="5" passed="5" failed="0" skipped="0">
  <reporter-output>
  </reporter-output>
  <suite started-at="2024-05-31T17:40:39Z" name="Surefire suite" finished-at="2024-05-31T17:40:39Z" duration-ms="86">
    <groups>
    </groups>
    <test started-at="2024-05-31T17:40:39Z" name="Surefire test" finished-at="2024-05-31T17:40:39Z" duration-ms="86">
      <class name="JenkinsCheckMadi.Practice1">
        <test-method signature="ATest()[pri:0, instance:JenkinsCheckMadi.Practice1@64c87930]" started-at="2024-05-31T17:40:39Z" name="ATest" finished-at="2024-05-31T17:40:39Z" duration-ms="14" status="PASS">
          <reporter-output>
          </reporter-output>
        </test-method> <!-- ATest -->
        <test-method signature="BTest()[pri:0, instance:JenkinsCheckMadi.Practice1@64c87930]" started-at="2024-05-31T17:40:39Z" name="BTest" finished-at="2024-05-31T17:40:39Z" duration-ms="1" status="PASS">
          <reporter-output>
          </reporter-output>
        </test-method> <!-- BTest -->
        <test-method signature="CTest()[pri:0, instance:JenkinsCheckMadi.Practice1@64c87930]" started-at="2024-05-31T17:40:39Z" name="CTest" finished-at="2024-05-31T17:40:39Z" duration-ms="0" status="PASS">
          <reporter-output>
          </reporter-output>
        </test-method> <!-- CTest -->
        <test-method signature="DTest()[pri:0, instance:JenkinsCheckMadi.Practice1@64c87930]" started-at="2024-05-31T17:40:39Z" name="DTest" finished-at="2024-05-31T17:40:39Z" duration-ms="1" status="PASS">
          <reporter-output>
          </reporter-output>
        </test-method> <!-- DTest -->
        <test-method signature="ETest()[pri:0, instance:JenkinsCheckMadi.Practice1@64c87930]" started-at="2024-05-31T17:40:39Z" name="ETest" finished-at="2024-05-31T17:40:39Z" duration-ms="0" status="PASS">
          <reporter-output>
          </reporter-output>
        </test-method> <!-- ETest -->
      </class> <!-- JenkinsCheckMadi.Practice1 -->
    </test> <!-- Surefire test -->
  </suite> <!-- Surefire suite -->
</testng-results>
