<?xml version="1.0" encoding="UTF-8"?>
<testng-results ignored="0" total="8" passed="8" failed="0" skipped="0">
  <reporter-output>
  </reporter-output>
  <suite started-at="2024-06-01T03:43:13Z" name="Surefire suite" finished-at="2024-06-01T03:43:13Z" duration-ms="67">
    <groups>
    </groups>
    <test started-at="2024-06-01T03:43:13Z" name="Surefire test" finished-at="2024-06-01T03:43:13Z" duration-ms="67">
      <class name="JenkinsCheckMadi.Practice1">
        <test-method signature="ATest()[pri:0, instance:JenkinsCheckMadi.Practice1@35083305]" started-at="2024-06-01T03:43:13Z" name="ATest" finished-at="2024-06-01T03:43:13Z" duration-ms="15" status="PASS">
          <reporter-output>
          </reporter-output>
        </test-method> <!-- ATest -->
        <test-method signature="BTest()[pri:0, instance:JenkinsCheckMadi.Practice1@35083305]" started-at="2024-06-01T03:43:13Z" name="BTest" finished-at="2024-06-01T03:43:13Z" duration-ms="0" status="PASS">
          <reporter-output>
          </reporter-output>
        </test-method> <!-- BTest -->
        <test-method signature="CTest()[pri:0, instance:JenkinsCheckMadi.Practice1@35083305]" started-at="2024-06-01T03:43:13Z" name="CTest" finished-at="2024-06-01T03:43:13Z" duration-ms="0" status="PASS">
          <reporter-output>
          </reporter-output>
        </test-method> <!-- CTest -->
        <test-method signature="DTest()[pri:0, instance:JenkinsCheckMadi.Practice1@35083305]" started-at="2024-06-01T03:43:13Z" name="DTest" finished-at="2024-06-01T03:43:13Z" duration-ms="1" status="PASS">
          <reporter-output>
          </reporter-output>
        </test-method> <!-- DTest -->
        <test-method signature="ETest()[pri:0, instance:JenkinsCheckMadi.Practice1@35083305]" started-at="2024-06-01T03:43:13Z" name="ETest" finished-at="2024-06-01T03:43:13Z" duration-ms="1" status="PASS">
          <reporter-output>
          </reporter-output>
        </test-method> <!-- ETest -->
        <test-method signature="FTest()[pri:0, instance:JenkinsCheckMadi.Practice1@35083305]" started-at="2024-06-01T03:43:13Z" name="FTest" finished-at="2024-06-01T03:43:13Z" duration-ms="1" status="PASS">
          <reporter-output>
          </reporter-output>
        </test-method> <!-- FTest -->
        <test-method signature="GTest()[pri:0, instance:JenkinsCheckMadi.Practice1@35083305]" started-at="2024-06-01T03:43:13Z" name="GTest" finished-at="2024-06-01T03:43:13Z" duration-ms="1" status="PASS">
          <reporter-output>
          </reporter-output>
        </test-method> <!-- GTest -->
        <test-method signature="HTest()[pri:0, instance:JenkinsCheckMadi.Practice1@35083305]" started-at="2024-06-01T03:43:13Z" name="HTest" finished-at="2024-06-01T03:43:13Z" duration-ms="1" status="PASS">
          <reporter-output>
          </reporter-output>
        </test-method> <!-- HTest -->
      </class> <!-- JenkinsCheckMadi.Practice1 -->
    </test> <!-- Surefire test -->
  </suite> <!-- Surefire suite -->
</testng-results>
